<?xml version="1.0" encoding="UTF-8"?>
<!-- Generated by org.testng.reporters.JUnitXMLReporter -->
<testsuite hostname="H9886.ad.hugeinc.com" ignored="0" name="Free CRM Application Test Cases" tests="11" failures="0" timestamp="30 Apr 2019 00:38:31 GMT" time="66.996" errors="0">
  <testcase name="createContact" time="2.287" classname="com.crm.qa.testcases.ContactsPageTest"/>
  <testcase name="createContact" time="1.468" classname="com.crm.qa.testcases.ContactsPageTest"/>
  <testcase name="createContact" time="1.509" classname="com.crm.qa.testcases.ContactsPageTest"/>
  <testcase name="verifyHomePageTitletest" time="0.01" classname="com.crm.qa.testcases.HomePageTest"/>
  <testcase name="loginPageTitleTest" time="0.01" classname="com.crm.qa.testcases.LoginPageTest"/>
  <testcase name="verifyUserNameTest" time="0.729" classname="com.crm.qa.testcases.HomePageTest"/>
  <testcase name="loginTest" time="0.613" classname="com.crm.qa.testcases.LoginPageTest"/>
  <testcase name="verifyUserNameTextTest" time="0.702" classname="com.crm.qa.testcases.HomePageTest"/>
  <testcase name="verifyContactsLinkclick" time="0.909" classname="com.crm.qa.testcases.HomePageTest"/>
  <testcase name="verifyNavLinksSize" time="0.696" classname="com.crm.qa.testcases.HomePageTest"/>
  <testcase name="verifyNavLinksTexts" time="1.718" classname="com.crm.qa.testcases.HomePageTest"/>
</testsuite> <!-- Free CRM Application Test Cases -->
