<?xml version="1.0" encoding="UTF-8"?>
<!-- Generated by org.testng.reporters.JUnitXMLReporter -->
<testsuite hostname="H9886.ad.hugeinc.com" ignored="0" name="Default test" tests="7" failures="0" timestamp="01 May 2019 21:43:29 GMT" time="42.57" errors="0">
  <testcase name="verifyHomePageTitletest" time="0.017" classname="com.crm.qa.testcases.HomePageTest"/>
  <testcase name="verifyUserNameTest" time="0.649" classname="com.crm.qa.testcases.HomePageTest"/>
  <testcase name="verifyUserNameTextTest" time="0.612" classname="com.crm.qa.testcases.HomePageTest"/>
  <testcase name="verifyContactsLinkclick" time="0.886" classname="com.crm.qa.testcases.HomePageTest"/>
  <testcase name="verifyNavLinksSize" time="0.623" classname="com.crm.qa.testcases.HomePageTest"/>
  <testcase name="verifyNavLinksTexts" time="1.637" classname="com.crm.qa.testcases.HomePageTest"/>
  <testcase name="statuscode" time="4.906" classname="com.crm.qa.testcases.HomePageTest"/>
</testsuite> <!-- Default test -->
