<?xml version="1.0" encoding="UTF-8"?>
<!-- Generated by org.testng.reporters.JUnitXMLReporter -->
<testsuite hostname="H9886.ad.hugeinc.com" ignored="0" name="Command line test" tests="12" failures="0" timestamp="05 May 2019 22:46:20 GMT" time="76.463" errors="0">
  <testcase name="createContact" time="1.798" classname="com.crm.qa.testcases.ContactsPageTest"/>
  <testcase name="createContact" time="1.696" classname="com.crm.qa.testcases.ContactsPageTest"/>
  <testcase name="createContact" time="1.846" classname="com.crm.qa.testcases.ContactsPageTest"/>
  <testcase name="verifyHomePageTitletest" time="0.01" classname="com.crm.qa.testcases.HomePageTest"/>
  <testcase name="loginPageTitleTest" time="0.007" classname="com.crm.qa.testcases.LoginPageTest"/>
  <testcase name="verifyUserNameTest" time="0.678" classname="com.crm.qa.testcases.HomePageTest"/>
  <testcase name="loginTest" time="0.575" classname="com.crm.qa.testcases.LoginPageTest"/>
  <testcase name="verifyUserNameTextTest" time="0.666" classname="com.crm.qa.testcases.HomePageTest"/>
  <testcase name="verifyContactsLinkclick" time="0.943" classname="com.crm.qa.testcases.HomePageTest"/>
  <testcase name="verifyNavLinksSize" time="0.664" classname="com.crm.qa.testcases.HomePageTest"/>
  <testcase name="verifyNavLinksTexts" time="1.514" classname="com.crm.qa.testcases.HomePageTest"/>
  <testcase name="statuscode" time="5.62" classname="com.crm.qa.testcases.HomePageTest"/>
</testsuite> <!-- Command line test -->
