<?xml version="1.0" encoding="UTF-8"?>
<!-- Generated by org.testng.reporters.JUnitXMLReporter -->
<testsuite hostname="H9886.ad.hugeinc.com" ignored="0" name="Command line test" tests="12" failures="0" timestamp="03 May 2019 05:42:59 GMT" time="70.143" errors="0">
  <testcase name="createContact" time="1.353" classname="com.crm.qa.testcases.ContactsPageTest"/>
  <testcase name="createContact" time="1.427" classname="com.crm.qa.testcases.ContactsPageTest"/>
  <testcase name="createContact" time="1.47" classname="com.crm.qa.testcases.ContactsPageTest"/>
  <testcase name="verifyHomePageTitletest" time="0.01" classname="com.crm.qa.testcases.HomePageTest"/>
  <testcase name="loginPageTitleTest" time="0.01" classname="com.crm.qa.testcases.LoginPageTest"/>
  <testcase name="verifyUserNameTest" time="0.658" classname="com.crm.qa.testcases.HomePageTest"/>
  <testcase name="loginTest" time="0.544" classname="com.crm.qa.testcases.LoginPageTest"/>
  <testcase name="verifyUserNameTextTest" time="0.64" classname="com.crm.qa.testcases.HomePageTest"/>
  <testcase name="verifyContactsLinkclick" time="0.759" classname="com.crm.qa.testcases.HomePageTest"/>
  <testcase name="verifyNavLinksSize" time="0.708" classname="com.crm.qa.testcases.HomePageTest"/>
  <testcase name="verifyNavLinksTexts" time="1.071" classname="com.crm.qa.testcases.HomePageTest"/>
  <testcase name="statuscode" time="5.306" classname="com.crm.qa.testcases.HomePageTest"/>
</testsuite> <!-- Command line test -->
