<?xml version="1.0" encoding="UTF-8" ?>
<testsuite tests="12" failures="0" name="TestSuite" time="16.02" errors="0" skipped="0">
  <properties>
[...]
</properties>
  <testcase classname="com.crm.qa.testcases.ContactsPageTest" name="createContact" time="1.799"/>
  <testcase classname="com.crm.qa.testcases.ContactsPageTest" name="createContact" time="1.697"/>
  <testcase classname="com.crm.qa.testcases.ContactsPageTest" name="createContact" time="1.845"/>
  <testcase classname="com.crm.qa.testcases.HomePageTest" name="verifyHomePageTitletest" time="0.01"/>
  <testcase classname="com.crm.qa.testcases.LoginPageTest" name="loginPageTitleTest" time="0.007"/>
  <testcase classname="com.crm.qa.testcases.HomePageTest" name="verifyUserNameTest" time="0.678"/>
  <testcase classname="com.crm.qa.testcases.LoginPageTest" name="loginTest" time="0.575"/>
  <testcase classname="com.crm.qa.testcases.HomePageTest" name="verifyUserNameTextTest" time="0.666"/>
  <testcase classname="com.crm.qa.testcases.HomePageTest" name="verifyContactsLinkclick" time="0.945"/>
  <testcase classname="com.crm.qa.testcases.HomePageTest" name="verifyNavLinksSize" time="0.664"/>
  <testcase classname="com.crm.qa.testcases.HomePageTest" name="verifyNavLinksTexts" time="1.513"/>
  <testcase classname="com.crm.qa.testcases.HomePageTest" name="statuscode" time="5.621"/>
</testsuite>