<?xml version="1.0" encoding="UTF-8"?>
<testng-results skipped="0" failed="0" ignored="0" total="7" passed="7">
  <reporter-output>
  </reporter-output>
  <suite name="Default suite" duration-ms="42570" started-at="2019-05-01T21:42:46Z" finished-at="2019-05-01T21:43:29Z">
    <groups>
    </groups>
    <test name="Default test" duration-ms="42570" started-at="2019-05-01T21:42:46Z" finished-at="2019-05-01T21:43:29Z">
      <class name="com.crm.qa.testcases.HomePageTest">
        <test-method status="PASS" signature="setUp()[pri:0, instance:com.crm.qa.testcases.HomePageTest@5f2108b5]" name="setUp" is-config="true" duration-ms="6399" started-at="2019-05-01T17:42:46Z" finished-at="2019-05-01T17:42:52Z">
          <reporter-output>
          </reporter-output>
        </test-method> <!-- setUp -->
        <test-method status="PASS" signature="verifyHomePageTitletest()[pri:1, instance:com.crm.qa.testcases.HomePageTest@5f2108b5]" name="verifyHomePageTitletest" duration-ms="17" started-at="2019-05-01T17:42:52Z" finished-at="2019-05-01T17:42:52Z">
          <reporter-output>
          </reporter-output>
        </test-method> <!-- verifyHomePageTitletest -->
        <test-method status="PASS" signature="tearDown()[pri:0, instance:com.crm.qa.testcases.HomePageTest@5f2108b5]" name="tearDown" is-config="true" duration-ms="188" started-at="2019-05-01T17:42:52Z" finished-at="2019-05-01T17:42:53Z">
          <reporter-output>
          </reporter-output>
        </test-method> <!-- tearDown -->
        <test-method status="PASS" signature="setUp()[pri:0, instance:com.crm.qa.testcases.HomePageTest@5f2108b5]" name="setUp" is-config="true" duration-ms="4327" started-at="2019-05-01T17:42:53Z" finished-at="2019-05-01T17:42:57Z">
          <reporter-output>
          </reporter-output>
        </test-method> <!-- setUp -->
        <test-method status="PASS" signature="verifyUserNameTest()[pri:2, instance:com.crm.qa.testcases.HomePageTest@5f2108b5]" name="verifyUserNameTest" duration-ms="649" started-at="2019-05-01T17:42:57Z" finished-at="2019-05-01T17:42:58Z">
          <reporter-output>
          </reporter-output>
        </test-method> <!-- verifyUserNameTest -->
        <test-method status="PASS" signature="tearDown()[pri:0, instance:com.crm.qa.testcases.HomePageTest@5f2108b5]" name="tearDown" is-config="true" duration-ms="158" started-at="2019-05-01T17:42:58Z" finished-at="2019-05-01T17:42:58Z">
          <reporter-output>
          </reporter-output>
        </test-method> <!-- tearDown -->
        <test-method status="PASS" signature="setUp()[pri:0, instance:com.crm.qa.testcases.HomePageTest@5f2108b5]" name="setUp" is-config="true" duration-ms="4140" started-at="2019-05-01T17:42:58Z" finished-at="2019-05-01T17:43:02Z">
          <reporter-output>
          </reporter-output>
        </test-method> <!-- setUp -->
        <test-method status="PASS" signature="verifyUserNameTextTest()[pri:3, instance:com.crm.qa.testcases.HomePageTest@5f2108b5]" name="verifyUserNameTextTest" duration-ms="612" started-at="2019-05-01T17:43:02Z" finished-at="2019-05-01T17:43:03Z">
          <reporter-output>
          </reporter-output>
        </test-method> <!-- verifyUserNameTextTest -->
        <test-method status="PASS" signature="tearDown()[pri:0, instance:com.crm.qa.testcases.HomePageTest@5f2108b5]" name="tearDown" is-config="true" duration-ms="127" started-at="2019-05-01T17:43:03Z" finished-at="2019-05-01T17:43:03Z">
          <reporter-output>
          </reporter-output>
        </test-method> <!-- tearDown -->
        <test-method status="PASS" signature="setUp()[pri:0, instance:com.crm.qa.testcases.HomePageTest@5f2108b5]" name="setUp" is-config="true" duration-ms="4162" started-at="2019-05-01T17:43:03Z" finished-at="2019-05-01T17:43:07Z">
          <reporter-output>
          </reporter-output>
        </test-method> <!-- setUp -->
        <test-method status="PASS" signature="verifyContactsLinkclick()[pri:4, instance:com.crm.qa.testcases.HomePageTest@5f2108b5]" name="verifyContactsLinkclick" duration-ms="886" started-at="2019-05-01T17:43:07Z" finished-at="2019-05-01T17:43:08Z">
          <reporter-output>
          </reporter-output>
        </test-method> <!-- verifyContactsLinkclick -->
        <test-method status="PASS" signature="tearDown()[pri:0, instance:com.crm.qa.testcases.HomePageTest@5f2108b5]" name="tearDown" is-config="true" duration-ms="161" started-at="2019-05-01T17:43:08Z" finished-at="2019-05-01T17:43:08Z">
          <reporter-output>
          </reporter-output>
        </test-method> <!-- tearDown -->
        <test-method status="PASS" signature="setUp()[pri:0, instance:com.crm.qa.testcases.HomePageTest@5f2108b5]" name="setUp" is-config="true" duration-ms="4307" started-at="2019-05-01T17:43:08Z" finished-at="2019-05-01T17:43:12Z">
          <reporter-output>
          </reporter-output>
        </test-method> <!-- setUp -->
        <test-method status="PASS" signature="verifyNavLinksSize()[pri:5, instance:com.crm.qa.testcases.HomePageTest@5f2108b5]" name="verifyNavLinksSize" duration-ms="623" started-at="2019-05-01T17:43:12Z" finished-at="2019-05-01T17:43:13Z">
          <reporter-output>
          </reporter-output>
        </test-method> <!-- verifyNavLinksSize -->
        <test-method status="PASS" signature="tearDown()[pri:0, instance:com.crm.qa.testcases.HomePageTest@5f2108b5]" name="tearDown" is-config="true" duration-ms="196" started-at="2019-05-01T17:43:13Z" finished-at="2019-05-01T17:43:13Z">
          <reporter-output>
          </reporter-output>
        </test-method> <!-- tearDown -->
        <test-method status="PASS" signature="setUp()[pri:0, instance:com.crm.qa.testcases.HomePageTest@5f2108b5]" name="setUp" is-config="true" duration-ms="4313" started-at="2019-05-01T17:43:13Z" finished-at="2019-05-01T17:43:17Z">
          <reporter-output>
          </reporter-output>
        </test-method> <!-- setUp -->
        <test-method status="PASS" signature="verifyNavLinksTexts()[pri:6, instance:com.crm.qa.testcases.HomePageTest@5f2108b5]" name="verifyNavLinksTexts" duration-ms="1637" started-at="2019-05-01T17:43:17Z" finished-at="2019-05-01T17:43:19Z">
          <reporter-output>
          </reporter-output>
        </test-method> <!-- verifyNavLinksTexts -->
        <test-method status="PASS" signature="tearDown()[pri:0, instance:com.crm.qa.testcases.HomePageTest@5f2108b5]" name="tearDown" is-config="true" duration-ms="278" started-at="2019-05-01T17:43:19Z" finished-at="2019-05-01T17:43:19Z">
          <reporter-output>
          </reporter-output>
        </test-method> <!-- tearDown -->
        <test-method status="PASS" signature="setUp()[pri:0, instance:com.crm.qa.testcases.HomePageTest@5f2108b5]" name="setUp" is-config="true" duration-ms="4276" started-at="2019-05-01T17:43:19Z" finished-at="2019-05-01T17:43:24Z">
          <reporter-output>
          </reporter-output>
        </test-method> <!-- setUp -->
        <test-method status="PASS" signature="statuscode()[pri:7, instance:com.crm.qa.testcases.HomePageTest@5f2108b5]" name="statuscode" duration-ms="4906" started-at="2019-05-01T17:43:24Z" finished-at="2019-05-01T17:43:28Z">
          <reporter-output>
          </reporter-output>
        </test-method> <!-- statuscode -->
        <test-method status="PASS" signature="tearDown()[pri:0, instance:com.crm.qa.testcases.HomePageTest@5f2108b5]" name="tearDown" is-config="true" duration-ms="170" started-at="2019-05-01T17:43:28Z" finished-at="2019-05-01T17:43:29Z">
          <reporter-output>
          </reporter-output>
        </test-method> <!-- tearDown -->
      </class> <!-- com.crm.qa.testcases.HomePageTest -->
    </test> <!-- Default test -->
  </suite> <!-- Default suite -->
</testng-results>
