<?xml version="1.0" encoding="UTF-8"?>
<testng-results skipped="0" failed="0" ignored="0" total="2" passed="2">
  <reporter-output>
  </reporter-output>
  <suite name="Default suite" duration-ms="11709" started-at="2019-05-08T15:21:24Z" finished-at="2019-05-08T15:21:35Z">
    <groups>
    </groups>
    <test name="Default test" duration-ms="11709" started-at="2019-05-08T15:21:24Z" finished-at="2019-05-08T15:21:35Z">
      <class name="com.crm.qa.testcases.LoginPageTest">
        <test-method status="PASS" signature="setUp()[pri:0, instance:com.crm.qa.testcases.LoginPageTest@5383967b]" name="setUp" is-config="true" duration-ms="6146" started-at="2019-05-08T11:21:24Z" finished-at="2019-05-08T11:21:30Z">
          <reporter-output>
          </reporter-output>
        </test-method> <!-- setUp -->
        <test-method status="PASS" signature="loginPageTitleTest()[pri:1, instance:com.crm.qa.testcases.LoginPageTest@5383967b]" name="loginPageTitleTest" duration-ms="37" started-at="2019-05-08T11:21:30Z" finished-at="2019-05-08T11:21:30Z">
          <reporter-output>
          </reporter-output>
        </test-method> <!-- loginPageTitleTest -->
        <test-method status="PASS" signature="tearDown()[pri:0, instance:com.crm.qa.testcases.LoginPageTest@5383967b]" name="tearDown" is-config="true" duration-ms="385" started-at="2019-05-08T11:21:30Z" finished-at="2019-05-08T11:21:30Z">
          <reporter-output>
          </reporter-output>
        </test-method> <!-- tearDown -->
        <test-method status="PASS" signature="setUp()[pri:0, instance:com.crm.qa.testcases.LoginPageTest@5383967b]" name="setUp" is-config="true" duration-ms="4209" started-at="2019-05-08T11:21:30Z" finished-at="2019-05-08T11:21:34Z">
          <reporter-output>
          </reporter-output>
        </test-method> <!-- setUp -->
        <test-method status="PASS" signature="loginTest()[pri:2, instance:com.crm.qa.testcases.LoginPageTest@5383967b]" name="loginTest" duration-ms="667" started-at="2019-05-08T11:21:34Z" finished-at="2019-05-08T11:21:35Z">
          <reporter-output>
          </reporter-output>
        </test-method> <!-- loginTest -->
        <test-method status="PASS" signature="tearDown()[pri:0, instance:com.crm.qa.testcases.LoginPageTest@5383967b]" name="tearDown" is-config="true" duration-ms="208" started-at="2019-05-08T11:21:35Z" finished-at="2019-05-08T11:21:35Z">
          <reporter-output>
          </reporter-output>
        </test-method> <!-- tearDown -->
      </class> <!-- com.crm.qa.testcases.LoginPageTest -->
    </test> <!-- Default test -->
  </suite> <!-- Default suite -->
</testng-results>
